[11:35:34.248][info] [#0:/root/.config/nvim/lua_lsp/main.lua:65]: Lua Lsp startup, root: 	/root/.config/nvim/lua_lsp
[11:35:34.248][info] [#0:/root/.config/nvim/lua_lsp/main.lua:66]: ROOT:	/root/.config/nvim/lua_lsp
[11:35:34.248][info] [#0:/root/.config/nvim/lua_lsp/main.lua:67]: LOGPATH:	/root/.config/nvim/lua_lsp/log
[11:35:34.248][info] [#0:/root/.config/nvim/lua_lsp/main.lua:68]: METAPATH:	/root/.config/nvim/lua_lsp/meta
[11:35:34.248][info] [#0:/root/.config/nvim/lua_lsp/main.lua:69]: VERSION:	3.5.3
[11:35:34.287][info] [#0:script/service/service.lua:141]: 
========= Medical Examination Report =========
    --------------- Memory ---------------
        Total: 1.644 MB
        # 00 : 1.644 MB
        # 01 : 0.000 MB
        # 02 : 0.000 MB
        # 03 : 0.000 MB
        # 04 : 0.000 MB
    --------------- Coroutine ---------------
        Total:     0
        Running:   0
        Suspended: 0
        Normal:    0
        Dead:      0
    --------------- Cache ---------------
        Total: 1
        Dead:  0
    ---------------  RPC  ---------------
        Holdon:   0
        Waiting:  0
==============================================
[11:35:34.400][info] [#0:script/language.lua:137]: VSC language: nil
[11:35:34.400][info] [#0:script/language.lua:138]: LS  language: en-us
[11:35:34.400][info] [#0:script/workspace/workspace.lua:38]: Workspace init root: 	file:///root/.config/nvim
[11:35:34.400][info] [#0:script/workspace/workspace.lua:42]: Log path: 	/root/.config/nvim/lua_lsp/log/file_root_.config_nvim.log
[11:35:34.401][info] [#0:script/workspace/workspace.lua:51]: Workspace create: 	file:///root/.config/nvim
[11:35:34.605][info] [#0:script/provider/provider.lua:42]: Load config from client	file:///root/.config/nvim
[11:35:34.605][info] [#0:script/provider/provider.lua:43]: {
  Lua = {
    diagnostics = {
      globals = { "vim" }
    },
    runtime = {
      path = { "./?.lua", "/usr/share/luajit-2.1.0-beta3/?.lua", "/usr/local/share/lua/5.1/?.lua", "/usr/local/share/lua/5.1/?/init.lua", "/usr/share/lua/5.1/?.lua", "/usr/share/lua/5.1/?/init.lua" },
      version = "LuaJIT"
    },
    telemetry = {
      enable = false
    },
    workspace = {
      library = {
        ["/usr/share/nvim/runtime/lua"] = true,
        ["/usr/share/nvim/runtime/lua/vim/lsp"] = true
      }
    }
  }
}
[11:35:34.605][info] [#0:script/provider/provider.lua:49]: Load config from .luarc.json/.luarc.jsonc	file:///root/.config/nvim
[11:35:34.605][info] [#0:script/provider/provider.lua:50]: {
  ["$schema"] = "https://raw.githubusercontent.com/sumneko/vscode-lua/master/setting/schema.json",
  ["Lua.workspace.checkThirdParty"] = false,
  ["Lua.workspace.library"] = { "${3rd}/skynet/library" }
}
[11:35:34.605][info] [#0:script/provider/provider.lua:42]: Load config from client	file:///root/.config/nvim
[11:35:34.605][info] [#0:script/provider/provider.lua:43]: {
  Lua = {
    diagnostics = {
      globals = { "vim" }
    },
    runtime = {
      path = { "./?.lua", "/usr/share/luajit-2.1.0-beta3/?.lua", "/usr/local/share/lua/5.1/?.lua", "/usr/local/share/lua/5.1/?/init.lua", "/usr/share/lua/5.1/?.lua", "/usr/share/lua/5.1/?/init.lua" },
      version = "LuaJIT"
    },
    telemetry = {
      enable = false
    },
    workspace = {
      library = {
        ["/usr/share/nvim/runtime/lua"] = true,
        ["/usr/share/nvim/runtime/lua/vim/lsp"] = true
      }
    }
  }
}
[11:35:34.605][info] [#0:script/provider/provider.lua:49]: Load config from .luarc.json/.luarc.jsonc	file:///root/.config/nvim
[11:35:34.605][info] [#0:script/provider/provider.lua:50]: {
  ["$schema"] = "https://raw.githubusercontent.com/sumneko/vscode-lua/master/setting/schema.json",
  ["Lua.workspace.checkThirdParty"] = false,
  ["Lua.workspace.library"] = { "${3rd}/skynet/library" }
}
[11:35:34.705][info] [#0:script/provider/provider.lua:57]: Load config from client	fallback
[11:35:34.706][info] [#0:script/provider/provider.lua:58]: {
  Lua = {
    diagnostics = {
      globals = { "vim" }
    },
    runtime = {
      path = { "./?.lua", "/usr/share/luajit-2.1.0-beta3/?.lua", "/usr/local/share/lua/5.1/?.lua", "/usr/local/share/lua/5.1/?/init.lua", "/usr/share/lua/5.1/?.lua", "/usr/share/lua/5.1/?/init.lua" },
      version = "LuaJIT"
    },
    telemetry = {
      enable = false
    },
    workspace = {
      library = {
        ["/usr/share/nvim/runtime/lua"] = true,
        ["/usr/share/nvim/runtime/lua/vim/lsp"] = true
      }
    }
  }
}
[11:35:34.706][info] [#0:script/library.lua:207]: Init builtin library at:	file:///root/.config/nvim
[11:35:34.713][info] [#0:script/plugin.lua:86]: plugin path:	/root/.config/nvim
[11:35:34.713][warn] [#0:script/plugin.lua:101]: plugin not found:	/root/.config/nvim
[11:35:34.713][info] [#0:script/library.lua:207]: Init builtin library at:	nil
[11:35:34.720][info] [#0:script/provider/provider.lua:57]: Load config from client	fallback
[11:35:34.720][info] [#0:script/provider/provider.lua:58]: {
  Lua = {
    diagnostics = {
      globals = { "vim" }
    },
    runtime = {
      path = { "./?.lua", "/usr/share/luajit-2.1.0-beta3/?.lua", "/usr/local/share/lua/5.1/?.lua", "/usr/local/share/lua/5.1/?/init.lua", "/usr/share/lua/5.1/?.lua", "/usr/share/lua/5.1/?/init.lua" },
      version = "LuaJIT"
    },
    telemetry = {
      enable = false
    },
    workspace = {
      library = {
        ["/usr/share/nvim/runtime/lua"] = true,
        ["/usr/share/nvim/runtime/lua/vim/lsp"] = true
      }
    }
  }
}
[11:35:34.720][info] [#0:script/workspace/workspace.lua:305]: Preload start:	file:///root/.config/nvim
[11:35:34.721][info] [#0:script/workspace/workspace.lua:311]: Scan files at:	file:///root/.config/nvim
[11:35:34.721][info] [#0:script/workspace/workspace.lua:305]: Preload start:	<fallback>
[11:35:34.721][info] [#0:script/workspace/workspace.lua:328]: Scan library at:	file:///root/.config/nvim/lua_lsp/meta/LuaJIT%20en-us%20utf8
[11:35:34.724][info] [#0:script/workspace/workspace.lua:328]: Scan library at:	file:///usr/share/nvim/runtime/lua
[11:35:34.727][info] [#0:script/workspace/workspace.lua:328]: Scan library at:	file:///usr/share/nvim/runtime/lua/vim/lsp
[11:35:34.839][info] [#0:script/workspace/workspace.lua:328]: Scan library at:	file:///root/.config/nvim/lua_lsp/meta/LuaJIT%20en-us%20utf8
[11:35:34.840][info] [#0:script/workspace/workspace.lua:328]: Scan library at:	file:///root/.config/nvim/lua_lsp/meta/3rd/skynet/library
[11:35:34.841][info] [#0:script/workspace/workspace.lua:348]: Found 61 files at:	<fallback>
[11:35:34.841][info] [#0:script/workspace/loading.lua:152]: Load files from disk:	<fallback>
[11:35:34.841][info] [#0:script/workspace/workspace.lua:348]: Found 1070 files at:	file:///root/.config/nvim
[11:35:34.841][info] [#0:script/workspace/loading.lua:152]: Load files from disk:	file:///root/.config/nvim
[11:35:34.858][info] [#0:script/workspace/loading.lua:164]: Loaded files takes [0.017] sec: <fallback>
[11:35:34.858][info] [#0:script/workspace/loading.lua:173]: Compile files takes [0.000] sec: <fallback>
[11:35:34.858][info] [#0:script/workspace/loading.lua:174]: Loaded finish:	<fallback>
[11:35:34.858][info] [#0:script/workspace/workspace.lua:350]: Preload finish at:	<fallback>
[11:35:35.070][warn] [#0:script/proto/proto.lua:122]: Response of [workspace/diagnostic/refresh] error [-32601]: MethodNotFound
[11:35:37.317][info] [#0:script/workspace/loading.lua:164]: Loaded files takes [0.480] sec: file:///root/.config/nvim
[11:35:37.317][info] [#0:script/workspace/loading.lua:173]: Compile files takes [0.000] sec: file:///root/.config/nvim
[11:35:37.317][info] [#0:script/workspace/loading.lua:174]: Loaded finish:	file:///root/.config/nvim
[11:35:37.317][info] [#0:script/workspace/workspace.lua:350]: Preload finish at:	file:///root/.config/nvim
[11:35:38.735][warn] [#0:script/files.lua:524]: Parse LuaDoc of [file:///root/.config/nvim/lua_lsp/meta/3rd/Jass/library/jass/common.lua] takes [0.153] sec, size [448.808] kb.
[11:35:40.283][warn] [#0:script/files.lua:513]: Compile [file:///root/.config/nvim/lua_lsp/meta/3rd/lovr/library/lovr/physics.lua] takes [0.123] sec, size [59.948] kb.
[11:35:41.320][warn] [#0:script/files.lua:513]: Compile [file:///root/.config/nvim/lua_lsp/meta/default%20utf8/System.Data.OleDb.lua] takes [0.204] sec, size [37.630] kb.
[11:35:42.086][warn] [#0:script/files.lua:524]: Parse LuaDoc of [file:///root/.config/nvim/lua_lsp/meta/default%20utf8/System.lua] takes [0.151] sec, size [428.566] kb.
[11:35:43.283][warn] [#0:script/files.lua:513]: Compile [file:///root/.config/nvim/lua_lsp/meta/default%20utf8/System.Threading.Tasks.lua] takes [0.379] sec, size [81.776] kb.
[11:35:44.316][info] [#0:script/provider/diagnostic.lua:486]: Diagnostics scope [<fallback>], files count:[1071]
[11:35:44.317][warn] [#0:script/proto/proto.lua:122]: Response of [workspace/diagnostic/refresh] error [-32601]: MethodNotFound
[11:35:47.842][warn] [#0:script/core/diagnostics/init.lua:158]: Diagnostics [missing-parameter] @ [file:///root/.config/nvim/lua_lsp/script/core/completion/completion.lua] takes [0.559] sec!
[11:35:56.831][warn] [#0:script/await.lua:186]: Await step takes [0.653] sec.
[11:35:56.969][warn] [#0:script/core/diagnostics/init.lua:158]: Diagnostics [missing-parameter] @ [file:///root/.config/nvim/lua_lsp/script/provider/provider.lua] takes [0.871] sec!
[11:35:59.998][info] [#0:script/provider/provider.lua:168]: Server shutdown.
[11:36:00.027][info] [#0:script/provider/provider.lua:161]: Server exited.
